  complex.cpp
c:\users\franc\onedrive\magistrale\esilv\c++\projects\tut2\tut2\complex.h(22): error C2143: errore di sintassi: ';' mancante prima di '&'
c:\users\franc\onedrive\magistrale\esilv\c++\projects\tut2\tut2\complex.h(22): error C2433: 'ostream': 'friend' non consentito su dichiarazioni di dati
c:\users\franc\onedrive\magistrale\esilv\c++\projects\tut2\tut2\complex.h(22): error C4430: identificatore di tipo mancante, verrà utilizzato int. Nota: default-int non è più supportato in C++
c:\users\franc\onedrive\magistrale\esilv\c++\projects\tut2\tut2\complex.h(22): error C2238: token imprevisti prima di ';'
c:\users\franc\onedrive\magistrale\esilv\c++\projects\tut2\tut2\complex.cpp(92): error C2872: 'ostream': simbolo ambiguo
  c:\users\franc\onedrive\magistrale\esilv\c++\projects\tut2\tut2\complex.h(22): note: potrebbe essere 'int ostream'
  c:\program files (x86)\microsoft visual studio 14.0\vc\include\iosfwd(679): note: o 'std::ostream'
c:\users\franc\onedrive\magistrale\esilv\c++\projects\tut2\tut2\complex.cpp(92): error C2143: errore di sintassi: ';' mancante prima di '&'
c:\users\franc\onedrive\magistrale\esilv\c++\projects\tut2\tut2\complex.cpp(92): error C4430: identificatore di tipo mancante, verrà utilizzato int. Nota: default-int non è più supportato in C++
c:\users\franc\onedrive\magistrale\esilv\c++\projects\tut2\tut2\complex.cpp(92): error C2086: 'int ostream': ridefinizione
  c:\users\franc\onedrive\magistrale\esilv\c++\projects\tut2\tut2\complex.h(22): note: vedere la dichiarazione di 'ostream'
c:\users\franc\onedrive\magistrale\esilv\c++\projects\tut2\tut2\complex.cpp(92): error C2065: 'stream': identificatore non dichiarato
c:\users\franc\onedrive\magistrale\esilv\c++\projects\tut2\tut2\complex.cpp(92): error C2059: errore di sintassi: 'const'
c:\users\franc\onedrive\magistrale\esilv\c++\projects\tut2\tut2\complex.cpp(93): error C2143: errore di sintassi: ';' mancante prima di '{'
c:\users\franc\onedrive\magistrale\esilv\c++\projects\tut2\tut2\complex.cpp(93): error C2447: '{': intestazione di funzione mancante. Elenco formale di tipo obsoleto?
  Generazione del codice in corso...
  Compilazione in corso...
  Tut2.cpp
c:\users\franc\onedrive\magistrale\esilv\c++\projects\tut2\tut2\complex.h(22): error C2143: errore di sintassi: ';' mancante prima di '&'
c:\users\franc\onedrive\magistrale\esilv\c++\projects\tut2\tut2\complex.h(22): error C2433: 'ostream': 'friend' non consentito su dichiarazioni di dati
c:\users\franc\onedrive\magistrale\esilv\c++\projects\tut2\tut2\complex.h(22): error C4430: identificatore di tipo mancante, verrà utilizzato int. Nota: default-int non è più supportato in C++
c:\users\franc\onedrive\magistrale\esilv\c++\projects\tut2\tut2\complex.h(22): error C2238: token imprevisti prima di ';'
  Generazione del codice in corso...
